<?xml version="1.0" encoding="UTF-8"?>
<!-- Generated by org.testng.reporters.JUnitReportReporter -->
<testsuite skipped="0" hostname="DESKTOP-FA3JEC3" name="Qaclickacademy.AppiumTest" tests="1" failures="0" timestamp="25 Feb 2020 19:04:43 GMT" time="0.009" errors="0">
  <testcase name="postJira" time="0.009" classname="Qaclickacademy.AppiumTest"/>
</testsuite> <!-- Qaclickacademy.AppiumTest -->
