<?xml version="1.0" encoding="UTF-8"?>
<!-- Generated by org.testng.reporters.JUnitReportReporter -->
<testsuite skipped="0" hostname="DESKTOP-FA3JEC3" name="Qaclickacademy.SeleniumTest" tests="2" failures="0" timestamp="25 Feb 2020 19:04:43 GMT" time="0.009" errors="0">
  <testcase name="elementsUI" time="0.001" classname="Qaclickacademy.SeleniumTest"/>
  <testcase name="BrowserAutomation" time="0.008" classname="Qaclickacademy.SeleniumTest"/>
</testsuite> <!-- Qaclickacademy.SeleniumTest -->
