<?xml version="1.0" encoding="UTF-8"?>
<!-- Generated by org.testng.reporters.JUnitReportReporter -->
<testsuite skipped="0" hostname="DESKTOP-FA3JEC3" name="Qaclickacademy.RestAPITest" tests="2" failures="0" timestamp="25 Feb 2020 19:04:43 GMT" time="0.002" errors="0">
  <testcase name="deleteTwitter" time="0.001" classname="Qaclickacademy.RestAPITest"/>
  <testcase name="postJira" time="0.001" classname="Qaclickacademy.RestAPITest"/>
</testsuite> <!-- Qaclickacademy.RestAPITest -->
