<?xml version="1.0" encoding="UTF-8"?>
<!-- Generated by org.testng.reporters.JUnitReportReporter -->
<testsuite skipped="0" hostname="DESKTOP-FA3JEC3" name="Qaclickacademy.AppiumTest" tests="2" failures="0" timestamp="25 Feb 2020 23:40:30 GMT" time="0.007" errors="0">
  <testcase name="deleteTwitter" time="0.007" classname="Qaclickacademy.AppiumTest"/>
  <testcase name="postJira" time="0.000" classname="Qaclickacademy.AppiumTest"/>
</testsuite> <!-- Qaclickacademy.AppiumTest -->
